生成启动时间为 2013/10/24 20:48:00。
     1>项目“F:\C#\Graphic_4\Graphic_4\Graphic_4.vcxproj”在节点 2 上(build 个目标)。
     1>PrepareForBuild:
         正在创建目录“F:\C#\Graphic_4\Debug\”。
       InitializeBuildStatus:
         正在创建“Debug\Graphic_4.unsuccessfulbuild”，因为已指定“AlwaysCreate”。
       ClCompile:
         f:\visual studio\VC\bin\CL.exe /c /ZI /nologo /W3 /WX- /Od /Oy- /D WIN32 /D _WINDOWS /D _DEBUG /D _UNICODE /D UNICODE /D _AFXDLL /Gm /EHsc /RTC1 /MDd /GS /fp:precise /Zc:wchar_t /Zc:forScope /Yc"StdAfx.h" /Fp"Debug\Graphic_4.pch" /Fo"Debug\\" /Fd"Debug\vc100.pdb" /Gd /TP /analyze- /errorReport:prompt stdafx.cpp
         stdafx.cpp
         f:\visual studio\VC\bin\CL.exe /c /ZI /nologo /W3 /WX- /Od /Oy- /D WIN32 /D _WINDOWS /D _DEBUG /D _UNICODE /D UNICODE /D _AFXDLL /Gm /EHsc /RTC1 /MDd /GS /fp:precise /Zc:wchar_t /Zc:forScope /Yu"StdAfx.h" /Fp"Debug\Graphic_4.pch" /Fo"Debug\\" /Fd"Debug\vc100.pdb" /Gd /TP /analyze- /errorReport:prompt ChildFrm.cpp ClassView.cpp FileView.cpp Graphic_4.cpp Graphic_4Doc.cpp Graphic_4View.cpp MainFrm.cpp OutputWnd.cpp PropertiesWnd.cpp ViewTree.cpp
         ViewTree.cpp
         PropertiesWnd.cpp
         OutputWnd.cpp
         MainFrm.cpp
         Graphic_4View.cpp
         Graphic_4Doc.cpp
         Graphic_4.cpp
         FileView.cpp
         ClassView.cpp
         ChildFrm.cpp
         正在生成代码...
       ResourceCompile:
         C:\Program Files\Microsoft SDKs\Windows\v7.0A\bin\rc.exe /D _DEBUG /D _UNICODE /D UNICODE /D _AFXDLL /l"0x0804" /IDebug\ /nologo /fo"Debug\Graphic_4.res" Graphic_4.rc 
       ManifestResourceCompile:
         C:\Program Files\Microsoft SDKs\Windows\v7.0A\bin\rc.exe /nologo /fo"Debug\Graphic_4.exe.embed.manifest.res" Debug\Graphic_4_manifest.rc 
       Link:
         f:\visual studio\VC\bin\link.exe /ERRORREPORT:PROMPT /OUT:"F:\C#\Graphic_4\Debug\Graphic_4.exe" /INCREMENTAL /NOLOGO /MANIFEST /ManifestFile:"Debug\Graphic_4.exe.intermediate.manifest" /MANIFESTUAC:"level='asInvoker' uiAccess='false'" /DEBUG /PDB:"F:\C#\Graphic_4\Debug\Graphic_4.pdb" /SUBSYSTEM:WINDOWS /TLBID:1 /ENTRY:"wWinMainCRTStartup" /DYNAMICBASE /NXCOMPAT /IMPLIB:"F:\C#\Graphic_4\Debug\Graphic_4.lib" /MACHINE:X86 Debug\Graphic_4.res
         Debug\Graphic_4.exe.embed.manifest.res
         Debug\ChildFrm.obj
         Debug\ClassView.obj
         Debug\FileView.obj
         Debug\Graphic_4.obj
         Debug\Graphic_4Doc.obj
         Debug\Graphic_4View.obj
         Debug\MainFrm.obj
         Debug\OutputWnd.obj
         Debug\PropertiesWnd.obj
         Debug\stdafx.obj
         Debug\ViewTree.obj
       Manifest:
         C:\Program Files\Microsoft SDKs\Windows\v7.0A\bin\mt.exe /nologo /verbose /out:"Debug\Graphic_4.exe.embed.manifest" /manifest Debug\Graphic_4.exe.intermediate.manifest "f:\visual studio\VC\Include\Manifest\dpiaware.manifest"
         C:\Program Files\Microsoft SDKs\Windows\v7.0A\bin\rc.exe /nologo /fo"Debug\Graphic_4.exe.embed.manifest.res" Debug\Graphic_4_manifest.rc 
       LinkEmbedManifest:
         f:\visual studio\VC\bin\link.exe /ERRORREPORT:PROMPT /OUT:"F:\C#\Graphic_4\Debug\Graphic_4.exe" /INCREMENTAL /NOLOGO /MANIFEST /ManifestFile:"Debug\Graphic_4.exe.intermediate.manifest" /MANIFESTUAC:"level='asInvoker' uiAccess='false'" /DEBUG /PDB:"F:\C#\Graphic_4\Debug\Graphic_4.pdb" /SUBSYSTEM:WINDOWS /TLBID:1 /ENTRY:"wWinMainCRTStartup" /DYNAMICBASE /NXCOMPAT /IMPLIB:"F:\C#\Graphic_4\Debug\Graphic_4.lib" /MACHINE:X86 Debug\Graphic_4.res
         Debug\Graphic_4.exe.embed.manifest.res
         Debug\ChildFrm.obj
         Debug\ClassView.obj
         Debug\FileView.obj
         Debug\Graphic_4.obj
         Debug\Graphic_4Doc.obj
         Debug\Graphic_4View.obj
         Debug\MainFrm.obj
         Debug\OutputWnd.obj
         Debug\PropertiesWnd.obj
         Debug\stdafx.obj
         Debug\ViewTree.obj
         Graphic_4.vcxproj -> F:\C#\Graphic_4\Debug\Graphic_4.exe
       FinalizeBuildStatus:
         正在删除文件“Debug\Graphic_4.unsuccessfulbuild”。
         正在对“Debug\Graphic_4.lastbuildstate”执行 Touch 任务。
     1>已完成生成项目“F:\C#\Graphic_4\Graphic_4\Graphic_4.vcxproj”(build 个目标)的操作。

生成成功。

已用时间 00:00:19.39
