生成启动时间为 2013/10/24 20:37:18。
     1>项目“F:\C#\Graphic_3\Graphic_3\Graphic_3.vcxproj”在节点 2 上(build 个目标)。
     1>InitializeBuildStatus:
         正在创建“Debug\Graphic_3.unsuccessfulbuild”，因为已指定“AlwaysCreate”。
       ClCompile:
         所有输出均为最新。
         f:\visual studio\VC\bin\CL.exe /c /ZI /nologo /W3 /WX- /Od /Oy- /D WIN32 /D _WINDOWS /D _DEBUG /D _UNICODE /D UNICODE /D _AFXDLL /Gm /EHsc /RTC1 /MDd /GS /fp:precise /Zc:wchar_t /Zc:forScope /Yu"StdAfx.h" /Fp"Debug\Graphic_3.pch" /Fo"Debug\\" /Fd"Debug\vc100.pdb" /Gd /TP /analyze- /errorReport:prompt Graphic_3View.cpp
         Graphic_3View.cpp
       ResourceCompile:
         所有输出均为最新。
       ManifestResourceCompile:
         所有输出均为最新。
       Link:
         f:\visual studio\VC\bin\link.exe /ERRORREPORT:PROMPT /OUT:"F:\C#\Graphic_3\Debug\Graphic_3.exe" /INCREMENTAL /NOLOGO /MANIFEST /ManifestFile:"Debug\Graphic_3.exe.intermediate.manifest" /MANIFESTUAC:"level='asInvoker' uiAccess='false'" /DEBUG /PDB:"F:\C#\Graphic_3\Debug\Graphic_3.pdb" /SUBSYSTEM:WINDOWS /TLBID:1 /ENTRY:"wWinMainCRTStartup" /DYNAMICBASE /NXCOMPAT /IMPLIB:"F:\C#\Graphic_3\Debug\Graphic_3.lib" /MACHINE:X86 Debug\Graphic_3.res
         Debug\Graphic_3.exe.embed.manifest.res
         Debug\ChildFrm.obj
         Debug\ClassView.obj
         Debug\FileView.obj
         Debug\Graphic_3.obj
         Debug\Graphic_3Doc.obj
         Debug\Graphic_3View.obj
         Debug\MainFrm.obj
         Debug\OutputWnd.obj
         Debug\PropertiesWnd.obj
         Debug\stdafx.obj
         Debug\ViewTree.obj
       Manifest:
         C:\Program Files\Microsoft SDKs\Windows\v7.0A\bin\mt.exe /nologo /verbose /out:"Debug\Graphic_3.exe.embed.manifest" /manifest Debug\Graphic_3.exe.intermediate.manifest "f:\visual studio\VC\Include\Manifest\dpiaware.manifest"
         所有输出均为最新。
       LinkEmbedManifest:
         所有输出均为最新。
         Graphic_3.vcxproj -> F:\C#\Graphic_3\Debug\Graphic_3.exe
       FinalizeBuildStatus:
         正在删除文件“Debug\Graphic_3.unsuccessfulbuild”。
         正在对“Debug\Graphic_3.lastbuildstate”执行 Touch 任务。
     1>已完成生成项目“F:\C#\Graphic_3\Graphic_3\Graphic_3.vcxproj”(build 个目标)的操作。

生成成功。

已用时间 00:00:01.08
