生成启动时间为 2013/10/24 20:24:35。
     1>项目“F:\C#\Graphic_2\Graphic_2\Graphic_2.vcxproj”在节点 2 上(build 个目标)。
     1>InitializeBuildStatus:
         正在对“Debug\Graphic_2.unsuccessfulbuild”执行 Touch 任务。
       ClCompile:
         所有输出均为最新。
         f:\visual studio\VC\bin\CL.exe /c /ZI /nologo /W3 /WX- /Od /Oy- /D WIN32 /D _WINDOWS /D _DEBUG /D _UNICODE /D UNICODE /D _AFXDLL /Gm /EHsc /RTC1 /MDd /GS /fp:precise /Zc:wchar_t /Zc:forScope /Yu"StdAfx.h" /Fp"Debug\Graphic_2.pch" /Fo"Debug\\" /Fd"Debug\vc100.pdb" /Gd /TP /analyze- /errorReport:prompt Graphic_2View.cpp
         Graphic_2View.cpp
       ResourceCompile:
         C:\Program Files\Microsoft SDKs\Windows\v7.0A\bin\rc.exe /D _DEBUG /D _UNICODE /D UNICODE /D _AFXDLL /l"0x0804" /IDebug\ /nologo /fo"Debug\Graphic_2.res" Graphic_2.rc 
       ManifestResourceCompile:
         C:\Program Files\Microsoft SDKs\Windows\v7.0A\bin\rc.exe /nologo /fo"Debug\Graphic_2.exe.embed.manifest.res" Debug\Graphic_2_manifest.rc 
       Link:
         f:\visual studio\VC\bin\link.exe /ERRORREPORT:PROMPT /OUT:"F:\C#\Graphic_2\Debug\Graphic_2.exe" /INCREMENTAL /NOLOGO /MANIFEST /ManifestFile:"Debug\Graphic_2.exe.intermediate.manifest" /MANIFESTUAC:"level='asInvoker' uiAccess='false'" /DEBUG /PDB:"F:\C#\Graphic_2\Debug\Graphic_2.pdb" /SUBSYSTEM:WINDOWS /TLBID:1 /ENTRY:"wWinMainCRTStartup" /DYNAMICBASE /NXCOMPAT /IMPLIB:"F:\C#\Graphic_2\Debug\Graphic_2.lib" /MACHINE:X86 Debug\Graphic_2.res
         Debug\Graphic_2.exe.embed.manifest.res
         Debug\ChildFrm.obj
         Debug\ClassView.obj
         Debug\FileView.obj
         Debug\Graphic_2.obj
         Debug\Graphic_2Doc.obj
         Debug\Graphic_2View.obj
         Debug\MainFrm.obj
         Debug\OutputWnd.obj
         Debug\PropertiesWnd.obj
         Debug\stdafx.obj
         Debug\ViewTree.obj
       Manifest:
         C:\Program Files\Microsoft SDKs\Windows\v7.0A\bin\mt.exe /nologo /verbose /out:"Debug\Graphic_2.exe.embed.manifest" /manifest Debug\Graphic_2.exe.intermediate.manifest "f:\visual studio\VC\Include\Manifest\dpiaware.manifest"
         C:\Program Files\Microsoft SDKs\Windows\v7.0A\bin\rc.exe /nologo /fo"Debug\Graphic_2.exe.embed.manifest.res" Debug\Graphic_2_manifest.rc 
       LinkEmbedManifest:
         f:\visual studio\VC\bin\link.exe /ERRORREPORT:PROMPT /OUT:"F:\C#\Graphic_2\Debug\Graphic_2.exe" /INCREMENTAL /NOLOGO /MANIFEST /ManifestFile:"Debug\Graphic_2.exe.intermediate.manifest" /MANIFESTUAC:"level='asInvoker' uiAccess='false'" /DEBUG /PDB:"F:\C#\Graphic_2\Debug\Graphic_2.pdb" /SUBSYSTEM:WINDOWS /TLBID:1 /ENTRY:"wWinMainCRTStartup" /DYNAMICBASE /NXCOMPAT /IMPLIB:"F:\C#\Graphic_2\Debug\Graphic_2.lib" /MACHINE:X86 Debug\Graphic_2.res
         Debug\Graphic_2.exe.embed.manifest.res
         Debug\ChildFrm.obj
         Debug\ClassView.obj
         Debug\FileView.obj
         Debug\Graphic_2.obj
         Debug\Graphic_2Doc.obj
         Debug\Graphic_2View.obj
         Debug\MainFrm.obj
         Debug\OutputWnd.obj
         Debug\PropertiesWnd.obj
         Debug\stdafx.obj
         Debug\ViewTree.obj
         Graphic_2.vcxproj -> F:\C#\Graphic_2\Debug\Graphic_2.exe
       FinalizeBuildStatus:
         正在删除文件“Debug\Graphic_2.unsuccessfulbuild”。
         正在对“Debug\Graphic_2.lastbuildstate”执行 Touch 任务。
     1>已完成生成项目“F:\C#\Graphic_2\Graphic_2\Graphic_2.vcxproj”(build 个目标)的操作。

生成成功。

已用时间 00:00:06.84
